%%%% Starting test matrix-aggregation
Group begin: matrix-aggregation
Test begin:
  source-file: "test/test.scm"
  source-line: 109
  source-form: (test-assert (mtx-null? mtx-calloc-ed))
Test end:
  result-kind: pass
  actual-value: #t
Test begin:
  source-file: "test/test.scm"
  source-line: 110
  source-form: (test-assert (mtx-positive? mtx1))
Test end:
  result-kind: pass
  actual-value: #t
Test begin:
  source-file: "test/test.scm"
  source-line: 111
  source-form: (test-assert (not (mtx-positive? mtx2)))
Test end:
  result-kind: pass
  actual-value: #t
Test begin:
  source-file: "test/test.scm"
  source-line: 112
  source-form: (test-assert (mtx-non-negative? mtx2))
Test end:
  result-kind: pass
  actual-value: #t
Test begin:
  source-file: "test/test.scm"
  source-line: 113
  source-form: (test-assert (mtx-equal? mtx2 mtx2-copy1))
Test end:
  result-kind: pass
  actual-value: #t
Test begin:
  source-file: "test/test.scm"
  source-line: 114
  source-form: (test-assert (mtx-equal? mtx2 mtx2-copy2))
Test end:
  result-kind: pass
  actual-value: #t
Test begin:
  source-file: "test/test.scm"
  source-line: 116
  source-form: (test-eqv 4.0 (mtx-max mtx2))
Test end:
  result-kind: pass
  actual-value: 4.0
  expected-value: 4.0
Test begin:
  source-file: "test/test.scm"
  source-line: 117
  source-form: (test-eqv 0.0 (mtx-min mtx2))
Test end:
  result-kind: pass
  actual-value: 0.0
  expected-value: 0.0
Test begin:
  source-file: "test/test.scm"
  source-line: 118
  source-form: (test-equal (quote (1 0)) (mtx-max-index mtx2))
Test end:
  result-kind: pass
  actual-value: (1 0)
  expected-value: (1 0)
Test begin:
  source-file: "test/test.scm"
  source-line: 119
  source-form: (test-equal (quote (1 1)) (mtx-min-index mtx2))
Test end:
  result-kind: pass
  actual-value: (1 1)
  expected-value: (1 1)
Test begin:
  source-file: "test/test.scm"
  source-line: 120
  source-form: (test-eqv 3.0 (mtx-norm1 mtx1))
Test end:
  result-kind: pass
  actual-value: 3.0
  expected-value: 3.0
Group end: matrix-aggregation
# of expected passes      11
