%%%% Starting test matrix-ops
Group begin: matrix-ops
Test begin:
  source-file: "test/test.scm"
  source-line: 142
  source-form: (test-eqv 7.0 (mtx-get mtx2-copy1 1 0))
Test end:
  result-kind: pass
  actual-value: 7.0
  expected-value: 7.0
Test begin:
  source-file: "test/test.scm"
  source-line: 144
  source-form: (test-eqv 3.0 (mtx-get mtx2-copy1 1 0))
Test end:
  result-kind: pass
  actual-value: 3.0
  expected-value: 3.0
Test begin:
  source-file: "test/test.scm"
  source-line: 146
  source-form: (test-eqv 12.0 (mtx-get mtx2-copy1 1 0))
Test end:
  result-kind: pass
  actual-value: 12.0
  expected-value: 12.0
Test begin:
  source-file: "test/test.scm"
  source-line: 148
  source-form: (test-eqv 3.0 (mtx-get mtx2-copy1 1 0))
Test end:
  result-kind: pass
  actual-value: 3.0
  expected-value: 3.0
Test begin:
  source-file: "test/test.scm"
  source-line: 150
  source-form: (test-eqv 9.0 (mtx-get mtx2-copy1 1 0))
Test end:
  result-kind: pass
  actual-value: 9.0
  expected-value: 9.0
Test begin:
  source-file: "test/test.scm"
  source-line: 152
  source-form: (test-eqv 11.0 (mtx-get mtx2-copy1 1 0))
Test end:
  result-kind: pass
  actual-value: 11.0
  expected-value: 11.0
Test begin:
  source-file: "test/test.scm"
  source-line: 154
  source-form: (test-eqv 8.0 (mtx-get mtx2-copy1 1 0))
Test end:
  result-kind: pass
  actual-value: 8.0
  expected-value: 8.0
Test begin:
  source-file: "test/test.scm"
  source-line: 156
  source-form: (test-eqv 8.0 (mtx-get mtx2-copy1 1 0))
Test end:
  result-kind: pass
  actual-value: 8.0
  expected-value: 8.0
Test begin:
  source-file: "test/test.scm"
  source-line: 157
  source-form: (test-eqv -28.0 (mtx-get mtx2-copy1 0 1))
Test end:
  result-kind: pass
  actual-value: -28.0
  expected-value: -28.0
Test begin:
  source-file: "test/test.scm"
  source-line: 159
  source-form: (test-eqv 32.0 (mtx-get mtx2-copy1 1 0))
Test end:
  result-kind: pass
  actual-value: 32.0
  expected-value: 32.0
Group end: matrix-ops
# of expected passes      10
