%%%% Starting test matrix-allocation
Group begin: matrix-allocation
Test begin:
  source-file: "test/test.scm"
  source-line: 84
  source-form: (test-assert mtx0)
Test end:
  result-kind: pass
  actual-value: #<gsl_matrix of 0x0 zeros>
Test begin:
  test-name: 0
  source-file: "test/test.scm"
  source-line: 85
  source-form: (test-equal 0 (mtx-rows mtx0) (mtx-columns mtx0))
Test end:
  result-kind: pass
  actual-value: 0
  expected-value: 0
Test begin:
  test-name: 3
  source-file: "test/test.scm"
  source-line: 87
  source-form: (test-equal 3 (mtx-rows mtx1) (mtx-columns mtx1))
Test end:
  result-kind: pass
  actual-value: 3
  expected-value: 3
Test begin:
  source-file: "test/test.scm"
  source-line: 88
  source-form: (test-eqv 1.0 (mtx-get mtx1 0 0))
Test end:
  result-kind: pass
  actual-value: 1.0
  expected-value: 1.0
Test begin:
  test-name: 3
  source-file: "test/test.scm"
  source-line: 93
  source-form: (test-equal 3 (mtx-rows mtx2) (mtx-columns mtx2))
Test end:
  result-kind: pass
  actual-value: 3
  expected-value: 3
Test begin:
  source-file: "test/test.scm"
  source-line: 94
  source-form: (test-eqv 4.0 (mtx-get mtx2 1 0))
Test end:
  result-kind: pass
  actual-value: 4.0
  expected-value: 4.0
Test begin:
  source-file: "test/test.scm"
  source-line: 98
  source-form: (test-eqv 1.0 (mtx-get mtx2-copy1 0 0))
Test end:
  result-kind: pass
  actual-value: 1.0
  expected-value: 1.0
Test begin:
  source-file: "test/test.scm"
  source-line: 100
  source-form: (test-eqv 1.0 (mtx-get mtx2-copy2 0 0))
Test end:
  result-kind: pass
  actual-value: 1.0
  expected-value: 1.0
Test begin:
  test-name: 2
  source-file: "test/test.scm"
  source-line: 103
  source-form: (test-equal 2 (mtx-rows mtx-calloc-ed) (mtx-columns mtx-calloc-ed))
Test end:
  result-kind: pass
  actual-value: 2
  expected-value: 2
Test begin:
  source-file: "test/test.scm"
  source-line: 104
  source-form: (test-eqv 0.0 (mtx-get mtx-calloc-ed 0 1))
Test end:
  result-kind: pass
  actual-value: 0.0
  expected-value: 0.0
Group end: matrix-allocation
# of expected passes      10
