%%%% Starting test stat
Group begin: stat
Test begin:
  source-file: "test/test.scm"
  source-line: 182
  source-form: (test-equal 9/2 (inexact->exact (mean stat-test 10)))
Test end:
  result-kind: pass
  actual-value: 9/2
  expected-value: 9/2
Test begin:
  source-file: "test/test.scm"
  source-line: 183
  source-form: (test-assert (< 9.1 (variance stat-test 10) 9.2))
Test end:
  result-kind: pass
  actual-value: #t
Test begin:
  source-file: "test/test.scm"
  source-line: 184
  source-form: (test-assert (< 3.0 (standard-deviation stat-test 10) 3.1))
Test end:
  result-kind: pass
  actual-value: #t
Group end: stat
# of expected passes      3
