%%%% Starting test vector-allocation
Group begin: vector-allocation
Test begin:
  source-file: "test/test.scm"
  source-line: 16
  source-form: (test-eqv 0 (vec-length vec0))
Test end:
  result-kind: pass
  actual-value: 0
  expected-value: 0
Test begin:
  source-file: "test/test.scm"
  source-line: 19
  source-form: (test-eqv 10 (vec-length vec1))
Test end:
  result-kind: pass
  actual-value: 10
  expected-value: 10
Test begin:
  source-file: "test/test.scm"
  source-line: 22
  source-form: (test-eqv 6 (vec-length vec2))
Test end:
  result-kind: pass
  actual-value: 6
  expected-value: 6
Test begin:
  source-file: "test/test.scm"
  source-line: 23
  source-form: (test-eqv 0.0 (vec-get vec2 0))
Test end:
  result-kind: pass
  actual-value: 0.0
  expected-value: 0.0
Test begin:
  source-file: "test/test.scm"
  source-line: 24
  source-form: (test-eqv 0.0 (vec-get vec2 3))
Test end:
  result-kind: pass
  actual-value: 0.0
  expected-value: 0.0
Test begin:
  source-file: "test/test.scm"
  source-line: 27
  source-form: (test-eqv 8.0 (vec-get vec2 0))
Test end:
  result-kind: pass
  actual-value: 8.0
  expected-value: 8.0
Test begin:
  source-file: "test/test.scm"
  source-line: 28
  source-form: (test-eqv 8.0 (vec-get vec2 5))
Test end:
  result-kind: pass
  actual-value: 8.0
  expected-value: 8.0
Test begin:
  source-file: "test/test.scm"
  source-line: 31
  source-form: (test-eqv 3 (vec-length vec3))
Test end:
  result-kind: pass
  actual-value: 3
  expected-value: 3
Test begin:
  source-file: "test/test.scm"
  source-line: 32
  source-form: (test-eqv 1.0 (vec-get vec3 0))
Test end:
  result-kind: pass
  actual-value: 1.0
  expected-value: 1.0
Test begin:
  source-file: "test/test.scm"
  source-line: 33
  source-form: (test-eqv -2.0 (vec-get vec3 1))
Test end:
  result-kind: pass
  actual-value: -2.0
  expected-value: -2.0
Test begin:
  source-file: "test/test.scm"
  source-line: 34
  source-form: (test-eqv 3.0 (vec-get vec3 2))
Test end:
  result-kind: pass
  actual-value: 3.0
  expected-value: 3.0
Test begin:
  source-file: "test/test.scm"
  source-line: 38
  source-form: (test-eqv 3.0 (vec-get vec3-copy1 2))
Test end:
  result-kind: pass
  actual-value: 3.0
  expected-value: 3.0
Test begin:
  source-file: "test/test.scm"
  source-line: 40
  source-form: (test-eqv 3.0 (vec-get vec3-copy2 2))
Test end:
  result-kind: pass
  actual-value: 3.0
  expected-value: 3.0
Test begin:
  source-file: "test/test.scm"
  source-line: 43
  source-form: (test-eqv 8 (vec-length vec-calloc-ed))
Test end:
  result-kind: pass
  actual-value: 8
  expected-value: 8
Test begin:
  source-file: "test/test.scm"
  source-line: 44
  source-form: (test-eqv 0.0 (vec-get vec-calloc-ed 0))
Test end:
  result-kind: pass
  actual-value: 0.0
  expected-value: 0.0
Test begin:
  source-file: "test/test.scm"
  source-line: 45
  source-form: (test-eqv 0.0 (vec-get vec-calloc-ed 7))
Test end:
  result-kind: pass
  actual-value: 0.0
  expected-value: 0.0
Group end: vector-allocation
# of expected passes      16
