%%%% Starting test vector-ops
Group begin: vector-ops
Test begin:
  source-file: "test/test.scm"
  source-line: 64
  source-form: (test-assert (vec-equal? vec3-copy2 vec3))
Test end:
  result-kind: pass
  actual-value: #t
Test begin:
  source-file: "test/test.scm"
  source-line: 65
  source-form: (test-assert (not (vec-equal? vec3-copy1 vec3)))
Test end:
  result-kind: pass
  actual-value: #t
Test begin:
  source-file: "test/test.scm"
  source-line: 69
  source-form: (test-assert (vec-equal? vec3-copy1 vec3-copy2))
Test end:
  result-kind: pass
  actual-value: #t
Test begin:
  source-file: "test/test.scm"
  source-line: 72
  source-form: (test-assert (vec-equal? vec3-copy1 vec3))
Test end:
  result-kind: pass
  actual-value: #t
Test begin:
  source-file: "test/test.scm"
  source-line: 75
  source-form: (test-eqv 1.0 (vec-get vec3-copy1 0))
Test end:
  result-kind: pass
  actual-value: 1.0
  expected-value: 1.0
Test begin:
  source-file: "test/test.scm"
  source-line: 78
  source-form: (test-eqv 3.0 (vec-get vec3-copy1 0))
Test end:
  result-kind: pass
  actual-value: 3.0
  expected-value: 3.0
Group end: vector-ops
# of expected passes      6
